DEBUG 2024-10-14 14:38:59,045 client messsage arrive
INFO 2024-10-14 14:55:15,683 client mqtt connect
INFO 2024-10-14 14:55:18,177 client mqtt connect
DEBUG 2024-10-14 14:55:23,262 client messsage arrive
DEBUG 2024-10-14 14:55:23,262 client messsage arrive
WARNING 2024-10-14 14:55:23,335 models excute select_network() not exist sensor_network matched topic:ICCMS/2Campus/SMTLINE/2/Vibration/1/Value
WARNING 2024-10-14 14:55:23,336 models excute select_network() not exist sensor_network matched topic:ICCMS/2Campus/SMTLINE/2/Vibration/1/Value
WARNING 2024-10-14 14:55:23,338 models excute select() not exist location or device matched name: 2Campus
WARNING 2024-10-14 14:55:23,338 models excute set_network() sensor:False or sensor.attention is False
WARNING 2024-10-14 14:55:23,340 models excute select() not exist location or device matched name: 2Campus
WARNING 2024-10-14 14:55:23,340 models excute set_network() sensor:False or sensor.attention is False
DEBUG 2024-10-14 14:55:40,842 client messsage arrive
INFO 2024-10-14 15:00:49,397 client mqtt connect
INFO 2024-10-14 15:03:17,493 client mqtt connect
INFO 2024-10-14 15:09:38,365 client mqtt connect
INFO 2024-10-14 15:09:41,080 client mqtt connect
INFO 2024-10-14 15:09:51,682 client mqtt connect
INFO 2024-10-14 15:09:54,139 client mqtt connect
INFO 2024-10-14 15:17:21,438 client mqtt connect
INFO 2024-10-14 15:17:48,363 client mqtt connect
INFO 2024-10-14 15:18:30,127 client mqtt connect
INFO 2024-10-14 15:19:31,424 client mqtt connect
INFO 2024-10-14 15:21:03,874 client mqtt connect
INFO 2024-10-14 15:21:21,483 client mqtt connect
INFO 2024-10-14 15:21:43,101 client mqtt connect
INFO 2024-10-14 15:21:50,067 client mqtt connect
INFO 2024-10-14 15:23:22,878 client mqtt connect
INFO 2024-10-14 15:24:32,031 client mqtt connect
INFO 2024-10-14 15:24:39,025 client mqtt connect
DEBUG 2024-10-14 15:25:05,150 client messsage arrive
DEBUG 2024-10-14 15:25:05,150 client messsage arrive
WARNING 2024-10-14 15:25:05,213 models excute select_network() not exist sensor_network matched topic:ICCMS/2Campus/SMTLINE/2/Vibration/1/Value
WARNING 2024-10-14 15:25:05,219 models excute select() not exist location or device matched name: 2Campus
WARNING 2024-10-14 15:25:05,219 models excute set_network() sensor:False or sensor.attention is False
WARNING 2024-10-14 15:25:05,219 models excute set_network() sensor:False or sensor.attention is False
DEBUG 2024-10-14 15:25:16,999 client messsage arrive
DEBUG 2024-10-14 15:25:20,883 client messsage arrive
DEBUG 2024-10-14 15:25:24,669 client messsage arrive
INFO 2024-10-14 15:30:06,257 client mqtt connect
INFO 2024-10-14 15:30:13,163 client mqtt connect
INFO 2024-10-14 15:30:22,276 client mqtt connect
INFO 2024-10-14 15:30:57,763 client mqtt connect
INFO 2024-10-14 15:31:01,629 client mqtt connect
INFO 2024-10-14 15:31:38,108 client mqtt connect
INFO 2024-10-14 15:32:20,398 client mqtt connect
INFO 2024-10-14 15:32:45,261 client mqtt connect
INFO 2024-10-14 15:32:54,285 client mqtt connect
INFO 2024-10-14 15:33:38,895 client mqtt connect
INFO 2024-10-14 15:34:02,296 client mqtt connect
INFO 2024-10-14 15:34:17,171 client mqtt connect
INFO 2024-10-14 15:34:23,050 client mqtt connect
DEBUG 2024-10-14 15:34:32,431 client messsage arrive
DEBUG 2024-10-14 15:34:35,131 client messsage arrive
DEBUG 2024-10-14 15:34:37,461 client messsage arrive
DEBUG 2024-10-14 15:34:39,587 client messsage arrive
DEBUG 2024-10-14 15:34:41,761 client messsage arrive
DEBUG 2024-10-14 15:34:44,014 client messsage arrive
INFO 2024-10-14 15:37:08,894 client mqtt connect
INFO 2024-10-14 15:37:50,144 client mqtt connect
INFO 2024-10-14 15:37:54,005 client mqtt connect
DEBUG 2024-10-14 15:37:58,642 client messsage arrive topic:ICCMS/2Campus/SMTLINE/2/Vibration/1/Value
DEBUG 2024-10-14 15:38:59,598 client messsage arrive topic:ICCMS/2Campus/SMTLINE/2/Vibration/1/Value
WARNING 2024-10-14 15:38:59,599 models excute select_network() not exist sensor_network matched topic:ICCMS/2Campus/SMTLINE/2/Vibration/1/Value
WARNING 2024-10-14 15:38:59,602 models excute select() not exist location or device matched name: 2Campus
WARNING 2024-10-14 15:38:59,602 models excute set_network() sensor:False or sensor.attention is False
DEBUG 2024-10-14 15:39:02,242 client messsage arrive topic:ICCMS/2Campus/SMTLINE/2/Vibration/1/Value
DEBUG 2024-10-14 15:39:04,888 client messsage arrive topic:ICCMS/2Campus/SMTLINE/2/Vibration/1/Value
INFO 2024-10-14 15:40:33,615 client mqtt connect
INFO 2024-10-14 15:40:41,459 client mqtt connect
INFO 2024-10-14 15:41:39,558 client mqtt connect
INFO 2024-10-14 15:42:00,067 client mqtt connect
INFO 2024-10-14 15:43:36,952 client mqtt connect
INFO 2024-10-14 15:43:51,507 client mqtt connect
INFO 2024-10-14 15:43:57,408 client mqtt connect
INFO 2024-10-14 15:44:04,342 client mqtt connect
INFO 2024-10-14 15:44:12,337 client mqtt connect
INFO 2024-10-14 15:48:04,690 client mqtt connect
INFO 2024-10-14 15:48:08,506 client mqtt connect
INFO 2024-10-14 15:51:14,398 client mqtt connect
INFO 2024-10-14 15:52:56,754 client mqtt connect
INFO 2024-10-14 15:53:00,594 client mqtt connect
INFO 2024-10-14 15:53:18,365 client mqtt connect
INFO 2024-10-14 15:53:27,589 client mqtt connect
DEBUG 2024-10-14 15:53:50,023 client messsage arrive topic:ICCMS/2Campus/SMTLINE/2/1/Value
WARNING 2024-10-14 15:53:50,094 models excute select_network() not exist sensor_network matched topic:ICCMS/2Campus/SMTLINE/2/1/Value
WARNING 2024-10-14 15:53:50,103 models excute set_network() not regeisted network
DEBUG 2024-10-14 15:53:50,114 client messsage status is False topic:ICCMS/2Campus/SMTLINE/2/1/Value
INFO 2024-10-14 15:59:20,454 client mqtt connect
INFO 2024-10-14 16:00:24,545 client mqtt connect
INFO 2024-10-14 16:00:52,769 client mqtt connect
DEBUG 2024-10-14 16:01:14,003 client messsage arrive topic:ICCMS/2Campus/SMTLINE/2/1/Value
DEBUG 2024-10-14 16:01:14,066 client messsage status is False topic:ICCMS/2Campus/SMTLINE/2/1/Value
DEBUG 2024-10-14 16:01:31,737 client messsage arrive topic:ICCMS/2Campus/SMTLINE/2/1/Regeister
WARNING 2024-10-14 16:01:31,738 models excute select_network() not exist sensor_network matched topic:ICCMS/2Campus/SMTLINE/2/1/Regeister
INFO 2024-10-14 16:02:50,921 client mqtt connect
INFO 2024-10-14 16:04:23,518 client mqtt connect
INFO 2024-10-14 16:04:35,570 client mqtt connect
DEBUG 2024-10-14 16:04:46,802 client messsage arrive topic:ICCMS/2Campus/SMTLINE/2/1/Regeister
WARNING 2024-10-14 16:04:46,838 models excute select_network() not exist sensor_network matched topic:ICCMS/2Campus/SMTLINE/2/1/Regeister
INFO 2024-10-14 16:05:39,828 client mqtt connect
DEBUG 2024-10-14 16:06:19,383 client messsage arrive topic:ICCMS/2Campus/SMTLINE/2/1/Regeister
WARNING 2024-10-14 16:06:19,421 models excute select_network() not exist sensor_network matched topic:ICCMS/2Campus/SMTLINE/2/1/Regeister
INFO 2024-10-14 16:06:43,090 client mqtt connect
INFO 2024-10-14 16:07:05,613 client mqtt connect
INFO 2024-10-14 16:10:12,634 client mqtt connect
DEBUG 2024-10-14 16:10:28,954 client messsage arrive topic:ICCMS/2Campus/SMTLINE/2/1/Regeister
WARNING 2024-10-14 16:10:28,992 models excute select_network() not exist sensor_network matched topic:ICCMS/2Campus/SMTLINE/2/1/Regeister
WARNING 2024-10-14 16:10:28,992 models excute set_network() wrong topic_object.is_action_type:Regeister
DEBUG 2024-10-14 16:10:28,996 client messsage status is False topic:ICCMS/2Campus/SMTLINE/2/1/Regeister
DEBUG 2024-10-14 16:11:00,363 client messsage arrive topic:ICCMS/2Campus/SMTLINE/2/1/Register
WARNING 2024-10-14 16:11:00,364 models excute select_network() not exist sensor_network matched topic:ICCMS/2Campus/SMTLINE/2/1/Register
DEBUG 2024-10-14 16:11:00,374 models excute set_network() Register
DEBUG 2024-10-14 16:11:00,381 models excute set_network() Register success
INFO 2024-10-14 16:13:42,526 client mqtt connect
INFO 2024-10-14 16:13:59,712 client mqtt connect
INFO 2024-10-14 16:14:28,341 client mqtt connect
DEBUG 2024-10-14 16:15:23,041 client messsage arrive topic:ICCMS/2Campus/SMTLINE/2/1/Value
WARNING 2024-10-14 16:15:23,080 models excute select_network() not exist sensor_network matched topic:ICCMS/2Campus/SMTLINE/2/1/Value
DEBUG 2024-10-14 16:15:23,088 models excute set_network() Register
WARNING 2024-10-14 16:15:23,088 models excute set_network() not regeisted network
DEBUG 2024-10-14 16:15:23,089 client messsage status is False topic:ICCMS/2Campus/SMTLINE/2/1/Value
DEBUG 2024-10-14 16:15:43,058 client messsage arrive topic:ICCMS/2Campus/SMTLINE/2/1/Register
WARNING 2024-10-14 16:15:43,063 models excute select_network() not exist sensor_network matched topic:ICCMS/2Campus/SMTLINE/2/1/Register
DEBUG 2024-10-14 16:15:43,093 models excute set_network() Register
ERROR 2024-10-14 16:15:43,124 models excute set_network() error: 오류:  중복된 키 값이 "sensor_networking_topic_43468969_pk" 고유 제약 조건을 위반함
DETAIL:  (topic)=(ICCMS/2Campus/SMTLINE/2/1/Value) 키가 이미 있습니다.

DEBUG 2024-10-14 16:15:43,129 client messsage status is False topic:ICCMS/2Campus/SMTLINE/2/1/Register
INFO 2024-10-14 16:17:45,891 client mqtt connect
DEBUG 2024-10-14 16:18:20,343 client messsage arrive topic:ICCMS/2Campus/SMTLINE/2/1/Register
WARNING 2024-10-14 16:18:20,408 models excute select_network() not exist sensor_network matched topic:ICCMS/2Campus/SMTLINE/2/1/Register
DEBUG 2024-10-14 16:18:20,415 models excute set_network() Register
ERROR 2024-10-14 16:18:20,422 models excute set_network() error: 오류:  중복된 키 값이 "sensor_networking_topic_43468969_pk" 고유 제약 조건을 위반함
DETAIL:  (topic)=(ICCMS/2Campus/SMTLINE/2/1/Value) 키가 이미 있습니다.

DEBUG 2024-10-14 16:18:20,424 client messsage status is False topic:ICCMS/2Campus/SMTLINE/2/1/Register
INFO 2024-10-14 16:18:59,117 client mqtt connect
INFO 2024-10-14 16:22:13,006 client mqtt connect
INFO 2024-10-14 16:22:42,649 client mqtt connect
INFO 2024-10-14 16:23:05,014 client mqtt connect
INFO 2024-10-14 16:23:10,964 client mqtt connect
INFO 2024-10-14 16:25:14,990 client mqtt connect
INFO 2024-10-14 16:25:20,863 client mqtt connect
INFO 2024-10-14 16:25:27,783 client mqtt connect
INFO 2024-10-14 16:26:00,520 client mqtt connect
INFO 2024-10-14 16:27:16,953 client mqtt connect
INFO 2024-10-14 16:27:56,350 client mqtt connect
INFO 2024-10-14 16:28:03,242 client mqtt connect
INFO 2024-10-14 16:28:36,605 client mqtt connect
INFO 2024-10-14 16:29:00,152 client mqtt connect
INFO 2024-10-14 16:29:06,995 client mqtt connect
DEBUG 2024-10-14 16:29:42,783 client messsage arrive topic:ICCMS/2Campus/SMTLINE/2/1/Register
WARNING 2024-10-14 16:29:42,851 models excute select_network() not exist sensor_network matched topic:ICCMS/2Campus/SMTLINE/2/1/Register
DEBUG 2024-10-14 16:29:42,860 models excute set_network() Register
INFO 2024-10-14 16:30:10,797 client mqtt connect
INFO 2024-10-14 16:30:16,623 client mqtt connect
INFO 2024-10-14 16:30:42,207 client mqtt connect
DEBUG 2024-10-14 16:30:48,242 client messsage arrive topic:ICCMS/2Campus/SMTLINE/2/1/Register
WARNING 2024-10-14 16:30:48,318 models excute select_network() not exist sensor_network matched topic:ICCMS/2Campus/SMTLINE/2/1/Register
DEBUG 2024-10-14 16:30:48,328 models excute set_network() Register
DEBUG 2024-10-14 16:30:48,334 models excute set_network() Register success
DEBUG 2024-10-14 16:30:48,336 client messsage arrive topic:ICCMS/2Campus/SMTLINE/2/1/Confirm
DEBUG 2024-10-14 16:35:05,076 client messsage arrive topic:ICCMS/2Campus/SMTLINE/2/1/Value
INFO 2024-10-14 16:37:14,869 client mqtt connect
INFO 2024-10-14 16:37:17,365 client mqtt connect
DEBUG 2024-10-14 16:37:21,920 client messsage arrive topic:ICCMS/2Campus/SMTLINE/2/1/Value
DEBUG 2024-10-14 16:37:21,920 client messsage arrive topic:ICCMS/2Campus/SMTLINE/2/1/Value
INFO 2024-10-14 16:38:46,873 client mqtt connect
INFO 2024-10-14 16:38:49,361 client mqtt connect
DEBUG 2024-10-14 16:38:52,404 client messsage arrive topic:ICCMS/2Campus/SMTLINE/2/1/Value
DEBUG 2024-10-14 16:38:52,404 client messsage arrive topic:ICCMS/2Campus/SMTLINE/2/1/Value
DEBUG 2024-10-14 16:38:58,259 client messsage arrive topic:ICCMS/2Campus/SMTLINE/2/1/Value
DEBUG 2024-10-14 16:38:58,259 client messsage arrive topic:ICCMS/2Campus/SMTLINE/2/1/Value
DEBUG 2024-10-14 16:39:06,159 client messsage arrive topic:ICCMS/2Campus/SMTLINE/2/1/Value
DEBUG 2024-10-14 16:39:06,159 client messsage arrive topic:ICCMS/2Campus/SMTLINE/2/1/Value
INFO 2024-10-14 16:39:22,187 client mqtt connect
INFO 2024-10-14 16:39:27,085 client mqtt connect
INFO 2024-10-14 16:40:27,022 client mqtt connect
INFO 2024-10-14 16:40:30,785 client mqtt connect
INFO 2024-10-14 16:40:39,772 client mqtt connect
INFO 2024-10-14 16:41:04,207 client mqtt connect
INFO 2024-10-14 16:41:16,203 client mqtt connect
INFO 2024-10-14 16:41:21,013 client mqtt connect
DEBUG 2024-10-14 16:41:36,317 client messsage arrive topic:ICCMS/2Campus/SMTLINE/2/1/Value
DEBUG 2024-10-14 16:41:36,317 client messsage arrive topic:ICCMS/2Campus/SMTLINE/2/1/Value
DEBUG 2024-10-14 17:41:26,807 client messsage arrive topic:ICCMS/2Campus/SMTLINE/2/1/Value
DEBUG 2024-10-14 17:41:26,807 client messsage arrive topic:ICCMS/2Campus/SMTLINE/2/1/Value
INFO 2024-10-14 18:37:18,365 client mqtt connect
DEBUG 2024-10-14 18:41:35,693 client messsage arrive topic:ICCMS/2Campus/SMTLINE/2/1/Value
DEBUG 2024-10-14 18:41:35,693 client messsage arrive topic:ICCMS/2Campus/SMTLINE/2/1/Value
DEBUG 2024-10-14 18:41:38,971 client messsage arrive topic:ICCMS/2Campus/SMTLINE/2/1/Value
DEBUG 2024-10-14 18:41:38,971 client messsage arrive topic:ICCMS/2Campus/SMTLINE/2/1/Value
DEBUG 2024-10-14 18:41:41,743 client messsage arrive topic:ICCMS/2Campus/SMTLINE/2/1/Value
DEBUG 2024-10-14 18:41:41,744 client messsage arrive topic:ICCMS/2Campus/SMTLINE/2/1/Value
DEBUG 2024-10-14 18:41:59,584 client messsage arrive topic:ICCMS/2Campus/SMTLINE/2/1/Value
DEBUG 2024-10-14 18:41:59,584 client messsage arrive topic:ICCMS/2Campus/SMTLINE/2/1/Value
DEBUG 2024-10-14 18:42:02,165 client messsage arrive topic:ICCMS/2Campus/SMTLINE/2/1/Value
DEBUG 2024-10-14 18:42:02,165 client messsage arrive topic:ICCMS/2Campus/SMTLINE/2/1/Value
DEBUG 2024-10-14 18:42:04,619 client messsage arrive topic:ICCMS/2Campus/SMTLINE/2/1/Value
DEBUG 2024-10-14 18:42:04,619 client messsage arrive topic:ICCMS/2Campus/SMTLINE/2/1/Value
DEBUG 2024-10-14 18:42:30,112 client messsage arrive topic:ICCMS/2Campus/SMTLINE/2/1/Value
DEBUG 2024-10-14 18:42:30,112 client messsage arrive topic:ICCMS/2Campus/SMTLINE/2/1/Value
INFO 2024-10-14 19:11:00,050 client mqtt connect
INFO 2024-10-14 19:12:33,213 client mqtt connect
INFO 2024-10-14 19:16:51,270 client mqtt connect
INFO 2024-10-14 19:17:52,945 client mqtt connect
INFO 2024-10-14 19:18:22,415 client mqtt connect
INFO 2024-10-14 19:18:31,505 client mqtt connect
INFO 2024-10-14 19:18:39,370 client mqtt connect
INFO 2024-10-14 19:19:42,865 client mqtt connect
INFO 2024-10-14 19:27:46,052 client mqtt connect
INFO 2024-10-14 19:28:24,071 client mqtt connect
INFO 2024-10-14 19:32:56,947 client mqtt connect
INFO 2024-10-16 15:22:35,924 client mqtt connect
INFO 2024-10-16 15:22:38,438 client mqtt connect
INFO 2024-10-16 15:55:31,460 client mqtt connect
INFO 2024-10-16 15:55:33,930 client mqtt connect
INFO 2024-10-16 15:56:23,623 client mqtt disconnect
INFO 2024-10-16 15:57:27,559 client mqtt connect
INFO 2024-10-16 15:57:52,891 client mqtt connect
INFO 2024-10-16 15:58:07,756 client mqtt connect
INFO 2024-10-16 15:58:28,505 client mqtt disconnect
INFO 2024-10-16 16:02:08,072 client mqtt connect
INFO 2024-10-16 16:02:10,611 client mqtt connect
INFO 2024-10-16 16:02:30,118 client mqtt disconnect
INFO 2024-10-16 16:03:33,830 client mqtt connect
INFO 2024-10-16 16:03:48,043 client mqtt connect
INFO 2024-10-16 16:05:04,227 client mqtt disconnect
INFO 2024-10-16 16:07:20,863 client mqtt connect
INFO 2024-10-16 16:07:25,695 client mqtt connect
DEBUG 2024-10-16 16:07:45,249 client messsage arrive topic:ICCMS/2Campus/SMTLINE/2/1/Value
DEBUG 2024-10-16 16:07:45,249 client messsage arrive topic:ICCMS/2Campus/SMTLINE/2/1/Value
DEBUG 2024-10-16 16:08:02,173 client messsage arrive topic:ICCMS/2Campus/SMTLINE/2/1/Value
DEBUG 2024-10-16 16:08:02,173 client messsage arrive topic:ICCMS/2Campus/SMTLINE/2/1/Value
INFO 2024-10-16 16:08:29,905 client mqtt connect
INFO 2024-10-16 16:08:29,906 client mqtt disconnect
INFO 2024-10-16 16:08:40,016 client mqtt connect
INFO 2024-10-16 16:09:04,522 client mqtt connect
INFO 2024-10-16 16:09:10,132 client mqtt connect
INFO 2024-10-16 16:09:10,135 client mqtt disconnect
INFO 2024-10-16 16:09:20,253 client mqtt connect
DEBUG 2024-10-16 16:09:41,178 client messsage arrive topic:ICCMS/2Campus/SMTLINE/2/1/Value
DEBUG 2024-10-16 16:09:41,178 client messsage arrive topic:ICCMS/2Campus/SMTLINE/2/1/Value
DEBUG 2024-10-16 16:10:03,546 client messsage arrive topic:ICCMS/2Campus/SMTLINE/2/1/Value
DEBUG 2024-10-16 16:10:03,546 client messsage arrive topic:ICCMS/2Campus/SMTLINE/2/1/Value
INFO 2024-10-16 16:10:18,197 client mqtt disconnect
DEBUG 2024-10-16 16:10:46,042 client messsage arrive topic:ICCMS/2Campus/SMTLINE/2/1/Value
DEBUG 2024-10-16 16:10:50,922 client messsage arrive topic:ICCMS/2Campus/SMTLINE/2/1/Value
DEBUG 2024-10-16 16:11:16,121 client messsage arrive topic:ICCMS/2Campus/SMTLINE/2/1/Value
INFO 2024-10-16 16:11:52,885 client mqtt connect
INFO 2024-10-16 16:11:58,393 client mqtt disconnect
INFO 2024-10-16 16:13:06,912 client mqtt connect
INFO 2024-10-16 16:13:34,720 client mqtt connect
INFO 2024-10-16 16:13:38,556 client mqtt connect
INFO 2024-10-16 16:13:49,963 client mqtt connect
INFO 2024-10-16 16:14:05,173 client mqtt connect
INFO 2024-10-16 16:14:12,604 client mqtt connect
INFO 2024-10-16 16:14:12,605 client mqtt disconnect
INFO 2024-10-16 16:14:22,676 client mqtt connect
INFO 2024-10-16 16:14:31,966 client mqtt disconnect
INFO 2024-10-16 16:15:59,645 client mqtt connect
INFO 2024-10-16 16:16:21,990 client mqtt connect
INFO 2024-10-16 16:16:29,972 client mqtt connect
INFO 2024-10-16 16:16:46,290 client mqtt connect
INFO 2024-10-16 16:16:51,114 client mqtt connect
INFO 2024-10-16 16:16:57,007 client mqtt connect
INFO 2024-10-16 16:17:54,354 client mqtt connect
INFO 2024-10-16 16:18:22,711 client mqtt disconnect
INFO 2024-10-16 16:20:13,550 client mqtt connect
INFO 2024-10-16 16:20:54,259 client mqtt connect
INFO 2024-10-16 16:21:35,698 client mqtt connect
INFO 2024-10-16 16:21:41,606 client mqtt connect
INFO 2024-10-16 16:21:53,999 client mqtt connect
INFO 2024-10-16 16:22:05,394 client mqtt connect
INFO 2024-10-16 16:22:08,656 client mqtt disconnect
INFO 2024-10-16 16:23:04,766 client mqtt connect
INFO 2024-10-16 16:23:09,588 client mqtt connect
INFO 2024-10-16 16:23:22,632 client mqtt disconnect
INFO 2024-10-16 16:24:16,615 client mqtt connect
INFO 2024-10-16 16:24:17,937 client mqtt disconnect
INFO 2024-10-16 16:24:39,291 client mqtt connect
INFO 2024-10-16 16:24:49,598 client mqtt connect
INFO 2024-10-16 16:24:54,533 client mqtt connect
INFO 2024-10-16 16:25:00,482 client mqtt connect
INFO 2024-10-16 16:25:32,208 client mqtt disconnect
INFO 2024-10-16 16:25:47,470 client mqtt connect
INFO 2024-10-16 16:25:55,508 client mqtt connect
INFO 2024-10-16 16:26:01,994 client mqtt disconnect
INFO 2024-10-16 16:26:28,946 client mqtt connect
INFO 2024-10-16 16:26:40,979 client mqtt disconnect
INFO 2024-10-16 16:27:19,006 client mqtt connect
INFO 2024-10-16 16:27:32,223 client mqtt disconnect
INFO 2024-10-16 16:29:29,899 client mqtt connect
INFO 2024-10-16 16:29:46,183 client mqtt disconnect
INFO 2024-10-16 16:30:55,762 client mqtt connect
INFO 2024-10-16 16:31:04,859 client mqtt connect
INFO 2024-10-16 16:31:10,921 client mqtt connect
INFO 2024-10-16 16:31:35,642 client mqtt disconnect
INFO 2024-10-16 16:31:55,703 client mqtt connect
INFO 2024-10-16 16:32:00,121 client mqtt disconnect
INFO 2024-10-16 16:32:53,044 client mqtt connect
INFO 2024-10-16 16:33:03,040 client mqtt connect
INFO 2024-10-16 16:33:28,780 client mqtt connect
INFO 2024-10-16 16:34:12,269 client mqtt connect
INFO 2024-10-16 16:34:49,819 client mqtt connect
INFO 2024-10-16 16:35:00,936 client mqtt connect
INFO 2024-10-16 16:35:04,818 client mqtt connect
INFO 2024-10-16 16:35:11,737 client mqtt disconnect
INFO 2024-10-16 16:35:18,822 client mqtt connect
INFO 2024-10-16 16:38:59,118 client mqtt connect
INFO 2024-10-16 16:39:02,927 client mqtt connect
INFO 2024-10-16 16:39:10,971 client mqtt connect
INFO 2024-10-16 16:40:07,441 client mqtt connect
INFO 2024-10-16 16:40:21,826 client mqtt connect
INFO 2024-10-16 16:40:35,009 client mqtt connect
INFO 2024-10-16 16:41:05,090 client mqtt connect
INFO 2024-10-16 16:41:32,015 client mqtt disconnect
INFO 2024-10-16 16:41:38,819 client mqtt connect
INFO 2024-10-16 16:49:44,705 client mqtt disconnect
INFO 2024-10-16 16:49:44,705 client mqtt disconnect
